0 1
10091 15917
20182 31818
30273 47730
40364 63631
50455 79532
60546 95446
70637 111346
80728 127239
90819 143146
100910 159051
111001 174961
121092 190863
131183 206749
141274 222658
151365 238568
161456 254462
171547 270358
181638 286258
191729 302149
201820 318038
211911 333941
222002 349851
232093 365751
242184 381662
252275 397569
262366 413462
272457 429374
282548 445275
292639 461170
302730 477071
312821 492975
322912 508885
333003 524791
343094 540695
353185 556581
363276 572496
373367 588394
383458 604287
393549 620186
403640 636088
413731 651974
423822 667870
433913 683781
444004 699682
454095 715583
464186 731498
474277 747399
484368 763300
494459 779212
504550 795106
514641 811004
524732 826913
534823 842818
544914 858726
555005 874625
565096 890516
575187 906428
585278 922336
595369 938227
605460 954123
615551 970027
625642 985918
635733 1001805
645824 1017708
655915 1033616
666006 1049516
676097 1065430
686188 1081332
696279 1097227
706370 1113140
716461 1129037
726552 1144939
736643 1160836
746734 1176743
756825 1192649
766916 1208557
777007 1224458
787098 1240349
797189 1256259
807280 1272160
817371 1288050
827462 1303948
837553 1319854
847644 1335740
857735 1351636
867826 1367544
877917 1383447
888008 1399351
898099 1415264
908190 1431164
918281 1447068
928372 1462975
938463 1478872
948554 1494767
958645 1510675
968736 1526583
978827 1542497
988918 1558392
999009 1574280
1009100 1590194
1019191 1606096
1029282 1621989
1039373 1637893
1049464 1653791
1059555 1669680
1069646 1685568
1079737 1701477
1089828 1717382
1099919 1733284
1110010 1749191
1120101 1765097
1130192 1780993
1140283 1796906
1150374 1812801
1160465 1828702
1170556 1844604
1180647 1860511
1190738 1876416
1200829 1892322
1210920 1908221
1221011 1924115
1231102 1940022
1241193 1955925
1251284 1971816
1261375 1987713
1271466 2003617
1281557 2019509
1291648 2035400
1301739 2051309
1311830 2067210
1321921 2083116
1332012 2099030
1342103 2114927
1352194 2130834
1362285 2146739
1372376 2162639
1382467 2178532
1392558 2194444
1402649 2210348
1412740 2226260
1422831 2242154
1432922 2258047
1443013 2273960
1453104 2289861
1463195 2305753
1473286 2321656
1483377 2337555
1493468 2353443
1503559 2369331
1513650 2385238
1523741 2401148
1533832 2417045
1543923 2432955
1554014 2448863
1564105 2464754
1574196 2480674
1584287 2496567
1594378 2512468
1604469 2528369
1614560 2544279
1624651 2560181
1634742 2576088
1644833 2591981
1654924 2607881
1665015 2623788
1675106 2639690
1685197 2655584
1695288 2671484
1705379 2687379
1715470 2703269
1725561 2719165
1735652 2735073
1745743 2750974
1755834 2766883
1765925 2782794
1776016 2798690
1786107 2814598
1796198 2830500
1806289 2846404
1816380 2862296
1826471 2878209
1836562 2894113
1846653 2910020
1856744 2925919
1866835 2941809
1876926 2957723
1887017 2973625
1897108 2989517
1907199 3005418
1917290 3021319
1927381 3037205
1937472 3053100
1947563 3069007
1957654 3084911
1967745 3100807
1977836 3116719
1987927 3132626
1998018 3148527
2008109 3164441
2018200 3180335
2028291 3196228
2038382 3212139
2048473 3228047
2058564 3243949
2068655 3259852
2078746 3275744
2088837 3291648
2098928 3307557
2109019 3323453
2119110 3339345
2129201 3355251
2139292 3371143
2149383 3387032
2159474 3402931
2169565 3418838
2179656 3434739
2189747 3450651
2199838 3466563
2209929 3482455
2220020 3498362
2230111 3514266
2240202 3530169
2250293 3546064
2260384 3561970
2270475 3577877
2280566 3593783
2290657 3609687
2300748 3625578
2310839 3641489
2320930 3657390
2331021 3673283
2341112 3689180
2351203 3705084
2361294 3720967
2371385 3736858
2381476 3752770
2391567 3768673
2401658 3784573
2411749 3800485
2421840 3816387
2431931 3832290
2442022 3848204
2452113 3864101
2462204 3879994
2472295 3895901
2482386 3911808
2492477 3927719
2502568 3943620
2512659 3959504
2522750 3975413
2532841 3991325
2542932 4007217
2553023 4023114
2563114 4039015
2573205 4054905
2583296 4070796
2593387 4086696
2603478 4102606
2613569 4118506
2623660 4134417
2633751 4150327
2643842 4166219
2653933 4182132
2664024 4198030
2674115 4213926
2684206 4229828
2694297 4245733
2704388 4261642
2714479 4277546
2724570 4293451
2734661 4309339
2744752 4325254
2754843 4341153
2764934 4357044
2775025 4372942
2785116 4388846
2795207 4404731
2805298 4420626
2815389 4436536
2825480 4452438
2835571 4468341
2845662 4484253
2855753 4500156
2865844 4516055
2875935 4531967
2886026 4547864
2896117 4563762
2906208 4579668
2916299 4595575
2926390 4611481
2936481 4627382
2946572 4643273
2956663 4659183
2966754 4675093
2976845 4690983
2986936 4706880
2997027 4722785
3007118 4738673
3017209 4754562
3027300 4770464
3037391 4786373
3047482 4802273
3057573 4818187
3067664 4834089
3077755 4849983
3087846 4865897
3097937 4881795
3108028 4897694
3118119 4913593
3128210 4929499
3138301 4945407
3148392 4961314
3158483 4977217
3168574 4993104
3178665 5009015
3188756 5024915
3198847 5040808
3208938 5056705
3219029 5072610
3229120 5088495
3239211 5104394
3249302 5120302
3259393 5136204
3269484 5152106
3279575 5168020
3289666 5183921
3299757 5199825
3309848 5215734
3319939 5231629
3330030 5247523
3340121 5263433
3350212 5279340
3360303 5295252
3370394 5311147
3380485 5327036
3390576 5342952
3400667 5358854
3410758 5374746
3420849 5390650
3430940 5406547
3441031 5422438
3451122 5438326
3461213 5454232
3471304 5470139
3481395 5486040
3491486 5501949
3501577 5517853
3511668 5533748
3521759 5549661
3531850 5565557
3541941 5581460
3552032 5597361
3562123 5613269
3572214 5629172
3582305 5645078
3592396 5660979
3602487 5676873
3612578 5692777
3622669 5708682
3632760 5724572
3642851 5740470
3652942 5756374
3663033 5772264
3673124 5788155
3683215 5804065
3693306 5819968
3703397 5835873
3713488 5851786
3723579 5867684
3733670 5883589
3743761 5899497
3753852 5915397
3763943 5931289
3774034 5947199
3784125 5963104
3794216 5979018
3804307 5994912
3814398 6010804
3824489 6026717
3834580 6042616
3844671 6058508
3854762 6074413
3864853 6090312
3874944 6106200
3885035 6122087
3895126 6137995
3905217 6153903
3915308 6169804
3925399 6185710
3935490 6201619
3945581 6217512
3955672 6233429
3965763 6249324
3975854 6265223
3985945 6281125
3996036 6297036
4006127 6312938
4016218 6328845
4026309 6344738
4036400 6360637
4046491 6376546
4056582 6392447
4066673 6408343
4076764 6424239
4086855 6440135
4096946 6456024
4107037 6471923
4117128 6487832
4127219 6503731
4137310 6519638
4147401 6535552
4157492 6551447
4167583 6567353
4177674 6583257
4187765 6599160
4197856 6615054
4207947 6630964
4218038 6646868
4228129 6662777
4238220 6678674
4248311 6694567
4258402 6710480
4268493 6726382
4278584 6742274
4288675 6758174
4298766 6774077
4308857 6789963
4318948 6805855
4329039 6821762
4339130 6837667
4349221 6853565
4359312 6869477
4369403 6885381
4379494 6901282
4389585 6917197
4399676 6933090
4409767 6948986
4419858 6964894
4429949 6980804
4440040 6996705
4450131 7012610
4460222 7028501
4470313 7044403
4480404 7060312
4490495 7076209
4500586 7092103
4510677 7108008
4520768 7123900
4530859 7139787
4540950 7155687
4551041 7171595
4561132 7187495
4571223 7203410
4581314 7219318
4591405 7235211
4601496 7251119
4611587 7267023
4621678 7282926
4631769 7298819
4641860 7314726
4651951 7330635
4662042 7346541
4672133 7362444
4682224 7378333
4692315 7394245
4702406 7410148
4712497 7426040
4722588 7441939
4732679 7457841
4742770 7473723
4752861 7489615
4762952 7505528
4773043 7521429
4783134 7537328
4793225 7553240
4803316 7569145
4813407 7585048
4823498 7600961
4833589 7616856
4843680 7632750
4853771 7648658
4863862 7664565
4873953 7680476
4884044 7696375
4894135 7712260
4904226 7728170
4914317 7744081
4924408 7759973
4934499 7775869
4944590 7791770
4954681 7807663
4964772 7823554
4974863 7839453
4984954 7855363
4995045 7871262
5005136 7887174
5015227 7903085
5025318 7918978
5035409 7934887
5045500 7950786
5055591 7966684
5065682 7982585
5075773 7998490
5085864 8014399
5095955 8030302
5106046 8046209
5116137 8062097
5126228 8078013
5136319 8093910
5146410 8109800
5156501 8125699
5166592 8141604
5176683 8157488
5186774 8173381
5196865 8189291
5206956 8205196
5217047 8221099
5227138 8237009
5237229 8252911
5247320 8268810
5257411 8284724
5267502 8300622
5277593 8316517
5287684 8332425
5297775 8348331
5307866 8364239
5317957 8380139
5328048 8396028
5338139 8411938
5348230 8427848
5358321 8443741
5368412 8459638
5378503 8475540
5388594 8491428
5398685 8507317
5408776 8523222
5418867 8539128
5428958 8555029
5439049 8570942
5449140 8586845
5459231 8602740
5469322 8618653
5479413 8634552
5489504 8650449
5499595 8666349
5509686 8682257
5519777 8698165
5529868 8714071
5539959 8729972
5550050 8745860
5560141 8761773
5570232 8777671
5580323 8793567
5590414 8809462
5600505 8825366
5610596 8841253
5620687 8857152
5630778 8873061
5640869 8888961
5650960 8904862
5661051 8920778
5671142 8936677
5681233 8952581
5691324 8968491
5701415 8984385
5711506 9000281
5721597 9016190
5731688 9032096
5741779 9048007
5751870 9063903
5761961 9079794
5772052 9095709
5782143 9111613
5792234 9127501
5802325 9143405
5812416 9159305
5822507 9175195
5832598 9191085
5842689 9206987
5852780 9222895
5862871 9238797
5872962 9254707
5883053 9270611
5893144 9286505
5903235 9302417
5913326 9318315
5923417 9334218
5933508 9350116
5943599 9366026
5953690 9381927
5963781 9397836
5973872 9413737
5983963 9429628
5994054 9445534
6004145 9461438
6014236 9477329
6024327 9493227
6034418 9509131
6044509 9525021
6054600 9540911
6064691 9556823
6074782 9572725
6084873 9588630
6094964 9604543
6105055 9620440
6115146 9636347
6125237 9652252
6135328 9668152
6145419 9684044
6155510 9699954
6165601 9715860
6175692 9731776
6185783 9747669
6195874 9763559
6205965 9779473
6216056 9795371
6226147 9811266
6236238 9827170
6246329 9843067
6256420 9858956
6266511 9874845
6276602 9890753
6286693 9906659
6296784 9922559
6306875 9938466
6316966 9954377
6327057 9970270
6337148 9986186
6347239 10002081
6357330 10017979
6367421 10033883
6377512 10049794
6387603 10065695
6397694 10081602
6407785 10097494
6417876 10113395
6427967 10129304
6438058 10145203
6448149 10161098
6458240 10176994
6468331 10192893
6478422 10208782
6488513 10224678
6498604 10240589
6508695 10256487
6518786 10272396
6528877 10288310
6538968 10304204
6549059 10320110
6559150 10336013
6569241 10351918
6579332 10367811
6589423 10383722
6599514 10399625
6609605 10415533
6619696 10431432
6629787 10447324
6639878 10463237
6649969 10479139
6660060 10495030
6670151 10510929
6680242 10526835
6690333 10542720
6700424 10558610
6710515 10574518
6720606 10590425
6730697 10606323
6740788 10622234
6750879 10638136
6760970 10654037
6771061 10669952
6781152 10685848
6791243 10701743
6801334 10717650
6811425 10733560
6821516 10749463
6831607 10765368
6841698 10781258
6851789 10797159
6861880 10813068
6871971 10828967
6882062 10844861
6892153 10860765
6902244 10876655
6912335 10892543
6922426 10908444
6932517 10924352
6942608 10940252
6952699 10956165
6962790 10972074
6972881 10987969
6982972 11003876
6993063 11019782
7003154 11035681
7013245 11051574
7023336 11067484
7033427 11083393
7043518 11099296
7053609 11115199
7063700 11131089
7073791 11147003
7083882 11162906
7093973 11178795
7104064 11194696
7114155 11210597
7124246 11226481
7134337 11242373
7144428 11258285
7154519 11274186
7164610 11290084
7174701 11305998
7184792 11321903
7194883 11337803
7204974 11353716
7215065 11369612
7225156 11385507
7235247 11401415
7245338 11417324
7255429 11433231
7265520 11449131
7275611 11465018
7285702 11480928
7295793 11496836
7305884 11512729
7315975 11528625
7326066 11544528
7336157 11560418
7346248 11576313
7356339 11592208
7366430 11608119
7376521 11624020
7386612 11639930
7396703 11655842
7406794 11671735
7416885 11687643
7426976 11703543
7437067 11719442
7447158 11735342
7457249 11751247
7467340 11767155
7477431 11783060
7487522 11798966
7497613 11814854
7507704 11830768
7517795 11846666
7527886 11862558
7537977 11878457
7548068 11894361
7558159 11910245
7568250 11926137
7578341 11942048
7588432 11957953
7598523 11973854
7608614 11989765
7618705 12005666
7628796 12021568
7638887 12037481
7648978 12053379
7659069 12069274
7669160 12085181
7679251 12101089
7689342 12116996
7699433 12132898
7709524 12148783
7719615 12164694
7729706 12180603
7739797 12196498
7749888 12212393
7759979 12228295
7770070 12244184
7780161 12260073
7790252 12275980
7800343 12291886
7810434 12307786
7820525 12323698
7830616 12339603
7840707 12355497
7850798 12371410
7860889 12387309
7870980 12403205
7881071 12419107
7891162 12435014
7901253 12450920
7911344 12466826
7921435 12482728
7931526 12498617
7941617 12514531
7951708 12530429
7961799 12546322
7971890 12562218
7981981 12578123
7992072 12594008
8002163 12609907
8012254 12625816
8022345 12641717
8032436 12657619
8042527 12673535
8052618 12689435
8062709 12705336
8072800 12721247
8082891 12737143
8092982 12753039
8103073 12768946
8113164 12784852
8123255 12800762
8133346 12816661
8143437 12832549
8153528 12848464
8163619 12864370
8173710 12880257
8183801 12896160
8193892 12912062
8203983 12927951
8214074 12943840
8224165 12959743
8234256 12975653
8244347 12991555
8254438 13007464
8264529 13023366
8274620 13039261
8284711 13055175
8294802 13071072
8304893 13086973
8314984 13102871
8325075 13118781
8335166 13134685
8345257 13150593
8355348 13166492
8365439 13182383
8375530 13198290
8385621 13214196
8395712 13230087
8405803 13245986
8415894 13261888
8425985 13277776
8436076 13293669
8446167 13309578
8456258 13325481
8466349 13341385
8476440 13357299
8486531 13373197
8496622 13389105
8506713 13405010
8516804 13420907
8526895 13436800
8536986 13452711
8547077 13468617
8557168 13484531
8567259 13500424
8577350 13516315
8587441 13532231
8597532 13548129
8607623 13564023
8617714 13579927
8627805 13595823
8637896 13611714
8647987 13627603
8658078 13643512
8668169 13659416
8678260 13675315
8688351 13691224
8698442 13707135
8708533 13723025
8718624 13738943
8728715 13754837
8738806 13770736
8748897 13786640
8758988 13802549
8769079 13818450
8779170 13834358
8789261 13850252
8799352 13866152
8809443 13882059
8819534 13897958
8829625 13913853
8839716 13929751
8849807 13945651
8859898 13961541
8869989 13977433
8880080 13993345
8890171 14009245
8900262 14025151
8910353 14041065
8920444 14056959
8930535 14072866
8940626 14088771
8950717 14104676
8960808 14120570
8970899 14136477
8980990 14152380
8991081 14168291
9001172 14184187
9011263 14200081
9021354 14215992
9031445 14231895
9041536 14247788
9051627 14263687
9061718 14279590
9071809 14295477
9081900 14311366
9091991 14327275
9102082 14343183
9112173 14359080
9122264 14374989
9132355 14390892
9142446 14406792
9152537 14422710
9162628 14438603
9172719 14454498
9182810 14470405
9192901 14486315
9202992 14502218
9213083 14518123
9223174 14534015
9233265 14549915
9243356 14565825
9253447 14581724
9263538 14597620
9273629 14613520
9283720 14629411
9293811 14645301
9303902 14661202
9313993 14677107
9324084 14693009
9334175 14708921
9344266 14724831
9354357 14740727
9364448 14756632
9374539 14772537
9384630 14788437
9394721 14804331
9404812 14820242
9414903 14836148
9424994 14852051
9435085 14867955
9445176 14883846
9455267 14899760
9465358 14915661
9475449 14931550
9485540 14947452
9495631 14963355
9505722 14979236
9515813 14995132
9525904 15011042
9535995 15026942
9546086 15042842
9556177 15058753
9566268 15074660
9576359 15090558
9586450 15106472
9596541 15122369
9606632 15138263
9616723 15154172
9626814 15170081
9636905 15185987
9646996 15201886
9657087 15217776
9667178 15233683
9677269 15249591
9687360 15265485
9697451 15281383
9707542 15297283
9717633 15313175
9727724 15329068
9737815 15344964
9747906 15360877
9757997 15376775
9768088 15392687
9778179 15408597
9788270 15424491
9798361 15440400
9808452 15456299
9818543 15472201
9828634 15488099
9838725 15504003
9848816 15519913
9858907 15535818
9868998 15551721
9879089 15567611
9889180 15583524
9899271 15599423
9909362 15615316
9919453 15631216
9929544 15647118
9939635 15663001
9949726 15678895
9959817 15694803
9969908 15710710
9979999 15726611
9990090 15742521
10000181 15758424
10010272 15774325
10020363 15790238
10030454 15806136
10040545 15822029
10050636 15837939
10060727 15853847
10070818 15869753
10080909 15885653
10091000 15901539
10101091 15917451
10111182 15933361
10121273 15949255
10131364 15965150
10141455 15981051
10151546 15996942
10161637 16012831
10171728 16028735
10181819 16044641
10191910 16060542
10202001 16076455
10212092 16092361
10222183 16108254
10232274 16124167
10242365 16140065
10252456 16155963
10262547 16171862
10272638 16187769
10282729 16203677
10292820 16219582
10302911 16235486
10313002 16251374
10323093 16267286
10333184 16283184
10343275 16299078
10353366 16314975
10363457 16330881
10373548 16346766
10383639 16362662
10393730 16378572
10403821 16394475
10413912 16410376
10424003 16426290
10434094 16442190
10444185 16458092
10454276 16474005
10464367 16489898
10474458 16505794
10484549 16521702
10494640 16537608
10504731 16553519
10514822 16569418
10524913 16585307
10535004 16601219
10545095 16617126
10555186 16633014
10565277 16648918
10575368 16664819
10585459 16680708
10595550 16696596
10605641 16712501
10615732 16728410
10625823 16744310
10635914 16760219
10646005 16776122
10656096 16792018
10666187 16807930
10676278 16823829
10686369 16839728
10696460 16855627
10706551 16871536
10716642 16887442
10726733 16903350
10736824 16919247
10746915 16935139
10757006 16951048
10767097 16966953
10777188 16982842
10787279 16998741
10797370 17014644
10807461 17030531
10817552 17046427
10827643 17062336
10837734 17078236
10847825 17094141
10857916 17110057
10868007 17125953
10878098 17141860
10888189 17157765
10898280 17173663
10908371 17189558
10918462 17205466
10928553 17221374
10938644 17237286
10948735 17253180
10958826 17269073
10968917 17284989
10979008 17300886
10989099 17316778
10999190 17332682
11009281 17348581
11019372 17364471
11029463 17380360
11039554 17396267
11049645 17412172
11059736 17428073
11069827 17443982
11079918 17459890
11090009 17475782
11100100 17491698
11110191 17507595
11120282 17523492
11130373 17539397
11140464 17555304
11150555 17571206
11160646 17587113
11170737 17603010
11180828 17618907
11190919 17634814
11201010 17650713
11211101 17666608
11221192 17682508
11231283 17698408
11241374 17714298
11251465 17730189
11261556 17746103
11271647 17762003
11281738 17777909
11291829 17793820
11301920 17809714
11312011 17825623
11322102 17841528
11332193 17857431
11342284 17873325
11352375 17889233
11362466 17905137
11372557 17921049
11382648 17936946
11392739 17952836
11402830 17968748
11412921 17984652
11423012 18000546
11433103 18016446
11443194 18032347
11453285 18048233
11463376 18064123
11473467 18080033
11483558 18095938
11493649 18111835
11503740 18127745
11513831 18143650
11523922 18159547
11534013 18175466
11544104 18191359
11554195 18207254
11564286 18223163
11574377 18239073
11584468 18254974
11594559 18270880
11604650 18286771
11614741 18302670
11624832 18318581
11634923 18334480
11645014 18350375
11655105 18366275
11665196 18382168
11675287 18398058
11685378 18413957
11695469 18429863
11705560 18445765
11715651 18461676
11725742 18477587
11735833 18493482
11745924 18509387
11756015 18525292
11766106 18541195
11776197 18557087
11786288 18572999
11796379 18588903
11806470 18604807
11816561 18620710
11826652 18636602
11836743 18652517
11846834 18668416
11856925 18684306
11867016 18700210
11877107 18716112
11887198 18731995
11897289 18747889
11907380 18763798
11917471 18779700
11927562 18795599
11937653 18811512
11947744 18827415
11957835 18843314
11967926 18859230
11978017 18875127
11988108 18891020
11998199 18906929
12008290 18922837
12018381 18938742
12028472 18954644
12038563 18970535
12048654 18986438
12058745 19002347
12068836 19018242
12078927 19034140
12089018 19050041
12099109 19065932
12109200 19081824
12119291 19097722
12129382 19113632
12139473 19129532
12149564 19145442
12159655 19161353
12169746 19177248
12179837 19193158
12189928 19209056
12200019 19224958
12210110 19240854
12220201 19256761
12230292 19272670
12240383 19288575
12250474 19304476
12260565 19320367
12270656 19336282
12280747 19352181
12290838 19368075
12300929 19383971
12311020 19399874
12321111 19415758
12331202 19431653
12341293 19447561
12351384 19463465
12361475 19479366
12371566 19495278
12381657 19511182
12391748 19527081
12401839 19542993
12411930 19558892
12422021 19574787
12432112 19590697
12442203 19606602
12452294 19622508
12462385 19638408
12472476 19654297
12482567 19670207
12492658 19686118
12502749 19702010
12512840 19717905
12522931 19733809
12533022 19749700
12543113 19765586
12553204 19781490
12563295 19797397
12573386 19813299
12583477 19829213
12593568 19845120
12603659 19861009
12613750 19876922
12623841 19892823
12633932 19908721
12644023 19924619
12654114 19940524
12664205 19956433
12674296 19972339
12684387 19988244
12694478 20004131
12704569 20020043
12714660 20035940
12724751 20051835
12734842 20067733
12744933 20083638
12755024 20099521
12765115 20115418
12775206 20131329
12785297 20147233
12795388 20163132
12805479 20179045
12815570 20194945
12825661 20210847
12835752 20226763
12845843 20242656
12855934 20258551
12866025 20274458
12876116 20290366
12886207 20306274
12896298 20322175
12906389 20338064
12916480 20353974
12926571 20369884
12936662 20385772
12946753 20401674
12956844 20417574
12966935 20433464
12977026 20449353
12987117 20465259
12997208 20481167
13007299 20497065
13017390 20512975
13027481 20528880
13037572 20544776
13047663 20560688
13057754 20576584
13067845 20592484
13077936 20608385
13088027 20624292
13098118 20640199
13108209 20656105
13118300 20672003
13128391 20687897
13138482 20703806
13148573 20719708
13158664 20735599
13168755 20751496
13178846 20767402
13188937 20783289
13199028 20799186
13209119 20815091
13219210 20830992
13229301 20846899
13239392 20862815
13249483 20878712
13259574 20894615
13269665 20910520
13279756 20926420
13289847 20942316
13299938 20958224
13310029 20974131
13320120 20990042
13330211 21005938
13340302 21021831
13350393 21037744
13360484 21053643
13370575 21069534
13380666 21085440
13390757 21101338
13400848 21117228
13410939 21133115
13421030 21149023
13431121 21164930
13441212 21180831
13451303 21196739
13461394 21212645
13471485 21228538
13481576 21244453
13491667 21260350
13501758 21276250
13511849 21292152
13521940 21308059
13532031 21323964
13542122 21339871
13552213 21355769
13562304 21371662
13572395 21387570
13582486 21403471
13592577 21419366
13602668 21435264
13612759 21451165
13622850 21467054
13632941 21482947
13643032 21498860
13653123 21514758
13663214 21530664
13673305 21546576
13683396 21562471
13693487 21578381
13703578 21594287
13713669 21610186
13723760 21626080
13733851 21641991
13743942 21657895
13754033 21673808
13764124 21689701
13774215 21705592
13784306 21721506
13794397 21737408
13804488 21753303
13814579 21769203
13824670 21785103
13834761 21800991
13844852 21816880
13854943 21832788
13865034 21848695
13875125 21864591
13885216 21880503
13895307 21896408
13905398 21912304
13915489 21928221
13925580 21944115
13935671 21960012
13945762 21975918
13955853 21991828
13965944 22007731
13976035 22023636
13986126 22039529
13996217 22055428
14006308 22071338
14016399 22087237
14026490 22103131
14036581 22119032
14046672 22134926
14056763 22150817
14066854 22166712
14076945 22182619
14087036 22198523
14097127 22214434
14107218 22230344
14117309 22246237
14127400 22262143
14137491 22278049
14147582 22293953
14157673 22309846
14167764 22325756
14177855 22341659
14187946 22357564
14198037 22373468
14208128 22389359
14218219 22405272
14228310 22421172
14238401 22437064
14248492 22452967
14258583 22468869
14268674 22484752
14278765 22500645
14288856 22516556
14298947 22532458
14309038 22548358
14319129 22564267
14329220 22580171
14339311 22596072
14349402 22611988
14359493 22627886
14369584 22643775
14379675 22659685
14389766 22675595
14399857 22691500
14409948 22707400
14420039 22723292
14430130 22739194
14440221 22755104
14450312 22770998
14460403 22786895
14470494 22802798
14480585 22818688
14490676 22834582
14500767 22850477
14510858 22866387
14520949 22882287
14531040 22898197
14541131 22914111
14551222 22930004
14561313 22945913
14571404 22961813
14581495 22977714
14591586 22993612
14601677 23009519
14611768 23025427
14621859 23041330
14631950 23057232
14642041 23073125
14652132 23089037
14662223 23104940
14672314 23120830
14682405 23136727
14692496 23152632
14702587 23168516
14712678 23184408
14722769 23200318
14732860 23216221
14742951 23232121
14753042 23248034
14763133 23263937
14773224 23279837
14783315 23295749
14793406 23311650
14803497 23327545
14813588 23343452
14823679 23359357
14833770 23375264
14843861 23391166
14853952 23407055
14864043 23422962
14874134 23438873
14884225 23454765
14894316 23470662
14904407 23486564
14914498 23502455
14924589 23518343
14934680 23534245
14944771 23550155
14954862 23566055
14964953 23581968
14975044 23597875
14985135 23613765
14995226 23629680
15005317 23645581
15015408 23661476
15025499 23677376
15035590 23693279
15045681 23709190
15055772 23725097
15065863 23740999
15075954 23756886
15086045 23772799
15096136 23788698
15106227 23804593
15116318 23820492
15126409 23836393
15136500 23852277
15146591 23868176
15156682 23884085
15166773 23899988
15176864 23915888
15186955 23931801
15197046 23947702
15207137 23963605
15217228 23979518
15227319 23995411
15237410 24011307
15247501 24027216
15257592 24043124
15267683 24059032
15277774 24074930
15287865 24090820
15297956 24106732
15308047 24122642
15318138 24138531
15328229 24154429
15338320 24170330
15348411 24186222
15358502 24202110
15368593 24218014
15378684 24233922
15388775 24249820
15398866 24265733
15408957 24281637
15419048 24297533
15429139 24313445
15439230 24329340
15449321 24345242
15459412 24361140
15469503 24377049
15479594 24392954
15489685 24408861
15499776 24424761
15509867 24440655
15519958 24456565
15530049 24472465
15540140 24488354
15550231 24504251
15560322 24520159
15570413 24536044
15580504 24551941
15590595 24567847
15600686 24583750
15610777 24599657
15620868 24615570
15630959 24631469
15641050 24647371
15651141 24663278
15661232 24679178
15671323 24695073
15681414 24710981
15691505 24726887
15701596 24742800
15711687 24758696
15721778 24774586
15731869 24790499
15741960 24806399
15752051 24822292
15762142 24838197
15772233 24854097
15782324 24869985
15792415 24885871
15802506 24901780
15812597 24917688
15822688 24933588
15832779 24949496
15842870 24965401
15852961 24981296
15863052 24997210
15873143 25013107
15883234 25029007
15893325 25044908
15903416 25060817
15913507 25076721
15923598 25092626
15933689 25108526
15943780 25124418
15953871 25140328
15963962 25156229
15974053 25172122
15984144 25188019
15994235 25203921
16004326 25219812
16014417 25235702
16024508 25251615
16034599 25267515
16044690 25283420
16054781 25299334
16064872 25315229
16074963 25331140
16085054 25347044
16095145 25362942
16105236 25378835
16115327 25394748
16125418 25410652
16135509 25426565
16145600 25442457
16155691 25458350
16165782 25474264
16175873 25490165
16185964 25506058
16196055 25521959
16206146 25537860
16216237 25553749
16226328 25569637
16236419 25585543
16246510 25601451
16256601 25617348
16266692 25633261
16276783 25649167
16286874 25665059
16296965 25680977
16307056 25696872
16317147 25712770
16327238 25728675
16337329 25744584
16347420 25760487
16357511 25776393
16367602 25792287
16377693 25808185
16387784 25824093
16397875 25839993
16407966 25855888
16418057 25871790
16428148 25887683
16438239 25903574
16448330 25919468
16458421 25935377
16468512 25951280
16478603 25967189
16488694 25983099
16498785 25998993
16508876 26014901
16518967 26030806
16529058 26046708
16539149 26062601
16549240 26078512
16559331 26094416
16569422 26110322
16579513 26126224
16589604 26142114
16599695 26158027
16609786 26173929
16619877 26189821
16629968 26205724
16640059 26221624
16650150 26237508
16660241 26253403
16670332 26269313
16680423 26285215
16690514 26301113
16700605 26317023
16710696 26332929
16720787 26348829
16730878 26364745
16740969 26380641
16751060 26396531
16761151 26412442
16771242 26428353
16781333 26444255
16791424 26460157
16801515 26476048
16811606 26491951
16821697 26507861
16831788 26523757
16841879 26539650
16851970 26555554
16862061 26571446
16872152 26587337
16882243 26603235
16892334 26619144
16902425 26635043
16912516 26650954
16922607 26666868
16932698 26682761
16942789 26698668
16952880 26714569
16962971 26730472
16973062 26746367
16983153 26762276
16993244 26778182
17003335 26794086
17013426 26809990
17023517 26825880
17033608 26841795
17043699 26857695
17053790 26873586
17063881 26889484
17073972 26905390
17084063 26921273
17094154 26937163
17104245 26953074
17114336 26968978
17124427 26984879
17134518 27000791
17144609 27016692
17154700 27032593
17164791 27048507
17174882 27064407
17184973 27080300
17195064 27096207
17205155 27112112
17215246 27128022
17225337 27143924
17235428 27159810
17245519 27175719
17255610 27191629
17265701 27207523
17275792 27223419
17285883 27239319
17295974 27255210
17306065 27271099
17316156 27287002
17326247 27302912
17336338 27318812
17346429 27334723
17356520 27350630
17366611 27366523
17376702 27382435
17386793 27398336
17396884 27414231
17406975 27430132
17417066 27446036
17427157 27461946
17437248 27477852
17447339 27493756
17457430 27509642
17467521 27525557
17477612 27541455
17487703 27557348
17497794 27573247
17507885 27589149
17517976 27605035
17528067 27620931
17538158 27636842
17548249 27652743
17558340 27668644
17568431 27684559
17578522 27700460
17588613 27716361
17598704 27732273
17608795 27748167
17618886 27764065
17628977 27779974
17639068 27795879
17649159 27811787
17659250 27827686
17669341 27843577
17679432 27859489
17689523 27875397
17699614 27891288
17709705 27907184
17719796 27923088
17729887 27938979
17739978 27954866
17750069 27970769
17760160 27986677
17770251 28002577
17780342 28018491
17790433 28034393
17800524 28050288
17810615 28066201
17820706 28082098
17830797 28098000
17840888 28113897
17850979 28129804
17861070 28145710
17871161 28161618
17881252 28177519
17891343 28193410
17901434 28209320
17911525 28225221
17921616 28241111
17931707 28257009
17941798 28272915
17951889 28288801
17961980 28304697
17972071 28320605
17982162 28336508
17992253 28352412
18002344 28368325
18012435 28384225
18022526 28400129
18032617 28416036
18042708 28431933
18052799 28447828
18062890 28463736
18072981 28479644
18083072 28495558
18093163 28511453
18103254 28527341
18113345 28543255
18123436 28559157
18133527 28575050
18143618 28590954
18153709 28606852
18163800 28622741
18173891 28638629
18183982 28654538
18194073 28670443
18204164 28686345
18214255 28702252
18224346 28718158
18234437 28734054
18244528 28749967
18254619 28765862
18264710 28781763
18274801 28797665
18284892 28813572
18294983 28829477
18305074 28845383
18315165 28861282
18325256 28877176
18335347 28893083
18345438 28908986
18355529 28924877
18365620 28940774
18375711 28956678
18385802 28972570
18395893 28988461
18405984 29004370
18416075 29020271
18426166 29036177
18436257 29052091
18446348 29067988
18456439 29083895
18466530 29099800
18476621 29115700
18486712 29131593
18496803 29147505
18506894 29163409
18516985 29179321
18527076 29195215
18537167 29211108
18547258 29227021
18557349 29242922
18567440 29258814
18577531 29274717
18587622 29290616
18597713 29306504
18607804 29322392
18617895 29338299
18627986 29354209
18638077 29370106
18648168 29386016
18658259 29401924
18668350 29417815
18678441 29433735
18688532 29449628
18698623 29465529
18708714 29481430
18718805 29497340
18728896 29513242
18738987 29529149
18749078 29545042
18759169 29560942
18769260 29576849
18779351 29592751
18789442 29608645
18799533 29624545
18809624 29640440
18819715 29656330
18829806 29672226
18839897 29688134
18849988 29704035
18860079 29719944
18870170 29735855
18880261 29751751
18890352 29767659
18900443 29783561
18910534 29799465
18920625 29815357
18930716 29831270
18940807 29847174
18950898 29863081
18960989 29878980
18971080 29894870
18981171 29910784
18991262 29926686
19001353 29942578
19011444 29958479
19021535 29974380
19031626 29990266
19041717 30006161
19051808 30022068
19061899 30037972
19071990 30053868
19082081 30069780
19092172 30085687
19102263 30101588
19112354 30117502
19122445 30133396
19132536 30149289
19142627 30165200
19152718 30181108
19162809 30197010
19172900 30212913
19182991 30228805
19193082 30244709
19203173 30260618
19213264 30276514
19223355 30292406
19233446 30308312
19243537 30324204
19253628 30340093
19263719 30355992
19273810 30371899
19283901 30387800
19293992 30403712
19304083 30419624
19314174 30435516
19324265 30451423
19334356 30467327
19344447 30483230
19354538 30499125
19364629 30515031
19374720 30530938
19384811 30546844
19394902 30562748
19404993 30578639
19415084 30594550
19425175 30610451
19435266 30626344
19445357 30642241
19455448 30658145
19465539 30674028
19475630 30689919
19485721 30705831
19495812 30721734
19505903 30737634
19515994 30753546
19526085 30769448
19536176 30785351
19546267 30801265
19556358 30817162
19566449 30833055
19576540 30848962
19586631 30864869
19596722 30880780
19606813 30896681
19616904 30912565
19626995 30928474
19637086 30944386
19647177 30960278
19657268 30976175
19667359 30992076
19677450 31007966
19687541 31023857
19697632 31039757
19707723 31055667
19717814 31071567
19727905 31087478
19737996 31103388
19748087 31119280
19758178 31135193
19768269 31151091
19778360 31166987
19788451 31182889
19798542 31198794
19808633 31214703
19818724 31230607
19828815 31246512
19838906 31262400
19848997 31278315
19859088 31294214
19869179 31310105
19879270 31326003
19889361 31341907
19899452 31357792
19909543 31373687
19919634 31389597
19929725 31405499
19939816 31421402
19949907 31437314
19959998 31453217
19970089 31469116
19980180 31485028
19990271 31500925
20000362 31516823
20010453 31532729
20020544 31548636
20030635 31564542
20040726 31580443
20050817 31596334
20060908 31612244
20070999 31628154
20081090 31644044
20091181 31659941
20101272 31675846
20111363 31691734
20121454 31707623
20131545 31723525
20141636 31739434
20151727 31755334
20161818 31771248
20171909 31787150
20182000 31803044
20192091 31818958
20202182 31834856
20212273 31850755
20222364 31866654
20232455 31882560
20242546 31898468
20252637 31914375
20262728 31930278
20272819 31946165
20282910 31962076
20293001 31977976
20303092 31993869
20313183 32009766
20323274 32025671
20333365 32041556
20343456 32057455
20353547 32073363
20363638 32089265
20373729 32105167
20383820 32121081
20393911 32136982
20404002 32152886
20414093 32168795
20424184 32184690
20434275 32200584
20444366 32216494
20454457 32232401
20464548 32248313
20474639 32264208
20484730 32280097
20494821 32296013
20504912 32311915
20515003 32327807
20525094 32343711
20535185 32359608
20545276 32375499
20555367 32391387
20565458 32407293
20575549 32423200
20585640 32439101
20595731 32455010
20605822 32470914
20615913 32486809
20626004 32502722
20636095 32518618
20646186 32534521
20656277 32550422
20666368 32566330
20676459 32582233
20686550 32598139
20696641 32614040
20706732 32629934
20716823 32645838
20726914 32661743
20737005 32677633
20747096 32693531
20757187 32709435
20767278 32725325
20777369 32741216
20787460 32757126
20797551 32773029
20807642 32788934
20817733 32804847
20827824 32820745
20837915 32836650
20848006 32852558
20858097 32868458
20868188 32884350
20878279 32900260
20888370 32916165
20898461 32932079
20908552 32947973
20918643 32963865
20928734 32979778
20938825 32995677
20948916 33011569
20959007 33027474
20969098 33043373
20979189 33059261
20989280 33075148
20999371 33091056
21009462 33106964
21019553 33122865
21029644 33138771
21039735 33154680
21049826 33170573
21059917 33186490
21070008 33202385
21080099 33218284
21090190 33234186
21100281 33250097
21110372 33265999
21120463 33281906
21130554 33297799
21140645 33313698
21150736 33329607
21160827 33345508
21170918 33361404
21181009 33377300
21191100 33393196
21201191 33409085
21211282 33424984
21221373 33440893
21231464 33456792
21241555 33472699
21251646 33488613
21261737 33504508
21271828 33520414
21281919 33536318
21292010 33552221
21302101 33568115
21312192 33584025
21322283 33599929
21332374 33615838
21342465 33631735
21352556 33647628
21362647 33663541
21372738 33679443
21382829 33695335
21392920 33711235
21403011 33727138
21413102 33743024
21423193 33758916
21433284 33774823
21443375 33790728
21453466 33806626
21463557 33822538
21473648 33838442
21483739 33854343
21493830 33870258
21503921 33886151
21514012 33902047
21524103 33917955
21534194 33933865
21544285 33949766
21554376 33965671
21564467 33981562
21574558 33997464
21584649 34013373
21594740 34029270
21604831 34045164
21614922 34061069
21625013 34076961
21635104 34092848
21645195 34108748
21655286 34124656
21665377 34140556
21675468 34156471
21685559 34172379
21695650 34188272
21705741 34204180
21715832 34220084
21725923 34235987
21736014 34251880
21746105 34267787
21756196 34283696
21766287 34299602
21776378 34315505
21786469 34331394
21796560 34347306
21806651 34363209
21816742 34379101
21826833 34395000
21836924 34410902
21847015 34426784
21857106 34442676
21867197 34458589
21877288 34474490
21887379 34490389
21897470 34506301
21907561 34522206
21917652 34538109
21927743 34554022
21937834 34569917
21947925 34585811
21958016 34601719
21968107 34617626
21978198 34633537
21988289 34649436
21998380 34665321
22008471 34681231
22018562 34697142
22028653 34713034
22038744 34728930
22048835 34744831
22058926 34760724
22069017 34776615
22079108 34792514
22089199 34808424
22099290 34824323
22109381 34840235
22119472 34856146
22129563 34872039
22139654 34887948
22149745 34903847
22159836 34919745
22169927 34935646
22180018 34951551
22190109 34967460
22200200 34983363
22210291 34999270
22220382 35015158
22230473 35031074
22240564 35046971
22250655 35062861
22260746 35078760
22270837 35094665
22280928 35110549
22291019 35126442
22301110 35142352
22311201 35158257
22321292 35174160
22331383 35190070
22341474 35205972
22351565 35221871
22361656 35237785
22371747 35253683
22381838 35269578
22391929 35285486
22402020 35301392
22412111 35317300
22422202 35333200
22432293 35349089
22442384 35364999
22452475 35380909
22462566 35396802
22472657 35412699
22482748 35428601
22492839 35444489
22502930 35460378
22513021 35476283
22523112 35492189
22533203 35508090
22543294 35524003
22553385 35539906
22563476 35555801
22573567 35571714
22583658 35587613
22593749 35603510
22603840 35619410
22613931 35635318
22624022 35651226
22634113 35667132
22644204 35683033
22654295 35698921
22664386 35714834
22674477 35730732
22684568 35746628
22694659 35762523
22704750 35778427
22714841 35794314
22724932 35810213
22735023 35826122
22745114 35842022
22755205 35857923
22765296 35873839
22775387 35889738
22785478 35905642
22795569 35921552
22805660 35937446
22815751 35953342
22825842 35969251
22835933 35985157
22846024 36001068
22856115 36016964
22866206 36032855
22876297 36048770
22886388 36064674
22896479 36080562
22906570 36096466
22916661 36112366
22926752 36128256
22936843 36144146
22946934 36160048
22957025 36175956
22967116 36191858
22977207 36207768
22987298 36223672
22997389 36239566
23007480 36255478
23017571 36271376
23027662 36287279
23037753 36303177
23047844 36319087
23057935 36334988
23068026 36350897
23078117 36366798
23088208 36382689
23098299 36398595
23108390 36414499
23118481 36430390
23128572 36446288
23138663 36462192
23148754 36478082
23158845 36493972
23168936 36509884
23179027 36525786
23189118 36541691
23199209 36557604
23209300 36573501
23219391 36589408
23229482 36605313
23239573 36621213
23249664 36637105
23259755 36653015
23269846 36668921
23279937 36684837
23290028 36700730
23300119 36716620
23310210 36732534
23320301 36748432
23330392 36764327
23340483 36780231
23350574 36796128
23360665 36812017
23370756 36827906
23380847 36843814
23390938 36859720
23401029 36875620
23411120 36891527
23421211 36907438
23431302 36923331
23441393 36939247
23451484 36955142
23461575 36971040
23471666 36986944
23481757 37002855
23491848 37018756
23501939 37034663
23512030 37050555
23522121 37066456
23532212 37082365
23542303 37098264
23552394 37114159
23562485 37130055
23572576 37145954
23582667 37161843
23592758 37177739
23602849 37193650
23612940 37209548
23623031 37225457
23633122 37241371
23643213 37257265
23653304 37273171
23663395 37289074
23673486 37304979
23683577 37320872
23693668 37336783
23703759 37352686
23713850 37368594
23723941 37384493
23734032 37400385
23744123 37416298
23754214 37432200
23764305 37448091
23774396 37463990
23784487 37479896
23794578 37495781
23804669 37511671
23814760 37527579
23824851 37543486
23834942 37559384
23845033 37575295
23855124 37591197
23865215 37607098
23875306 37623013
23885397 37638909
23895488 37654804
23905579 37670711
23915670 37686621
23925761 37702524
23935852 37718429
23945943 37734319
23956034 37750220
23966125 37766129
23976216 37782028
23986307 37797922
23996398 37813826
24006489 37829716
24016580 37845604
24026671 37861505
24036762 37877413
24046853 37893313
24056944 37909226
24067035 37925135
24077126 37941030
24087217 37956937
24097308 37972843
24107399 37988742
24117490 38004635
24127581 38020545
24137672 38036454
24147763 38052357
24157854 38068260
24167945 38084150
24178036 38100064
24188127 38115967
24198218 38131856
24208309 38147757
24218400 38163658
24228491 38179542
24238582 38195434
24248673 38211346
24258764 38227247
24268855 38243145
24278946 38259059
24289037 38274964
24299128 38290864
24309219 38306777
24319310 38322673
24329401 38338568
24339492 38354476
24349583 38370385
24359674 38386292
24369765 38402192
24379856 38418079
24389947 38433989
24400038 38449897
24410129 38465790
24420220 38481686
